<?xml version="1.0" encoding="UTF-8"?>
<testsuite name="prg2.prac2.AppTest" tests="1" skipped="0" failures="0" errors="0" timestamp="2025-06-05T15:35:41" hostname="LAPTOP-ER77IA1E" time="0.004">
  <properties/>
  <testcase name="testApp" classname="prg2.prac2.AppTest" time="0.004"/>
  <system-out><![CDATA[]]></system-out>
  <system-err><![CDATA[]]></system-err>
</testsuite>
